"../../../Engine/Content/Functions/Engine_MaterialFunctions01/WorldPositionOffset/SimpleGrassWind.uasset" 0
"../../../Procedural/Content/Foliage/Grass/tex_placeholder_diff.uasset" 1
"../../../Procedural/Content/Foliage/Grass/M_grass.uasset" 2
"../../../Procedural/Content/Foliage/Grass/tex_grass_diff.uasset" 3
"../../../Procedural/Content/Foliage/Grass/M_grass_Inst.uasset" 4
"../../../Procedural/Content/Foliage/Grass/SM_grass001.uasset" 5
"../../../Procedural/Content/BasicGrass.uasset" 6
"../../../Procedural/Content/CarVoxelMesh.uasset" 7
"../../../Procedural/Content/DemoMesh.uasset" 8
"../../../Procedural/Content/FloorVoxelMesh.uasset" 9
"../../../Procedural/Content/Mannequin/Character/Mesh/UE4_Mannequin_Skeleton.uasset" 10
"../../../Procedural/Content/Mannequin/Animations/ThirdPerson_Jump.uasset" 11
"../../../Procedural/Content/Mannequin/Animations/ThirdPersonJump_Loop.uasset" 12
"../../../Procedural/Content/Mannequin/Animations/ThirdPersonJump_Start.uasset" 13
"../../../Procedural/Content/Mannequin/Animations/ThirdPersonIdle.uasset" 14
"../../../Procedural/Content/Mannequin/Animations/ThirdPersonRun.uasset" 15
"../../../Procedural/Content/Mannequin/Animations/ThirdPersonWalk.uasset" 16
"../../../Procedural/Content/Mannequin/Animations/ThirdPerson_IdleRun_2D.uasset" 17
"../../../Engine/Content/EditorBlueprintResources/StandardMacros.uasset" 18
"../../../Procedural/Content/Mannequin/Animations/ThirdPerson_AnimBP.uasset" 19
"../../../Engine/Content/Functions/Engine_MaterialFunctions02/Utility/BlendAngleCorrectedNormals.uasset" 20
"../../../Engine/Content/Functions/MaterialLayerFunctions/MatLayerBlend_NormalBlend.uasset" 21
"../../../Engine/Content/Functions/MaterialLayerFunctions/MatLayerBlend_Simple.uasset" 22
"../../../Procedural/Content/Mannequin/Character/Materials/MaterialLayers/T_ML_Rubber_Blue_01_D.uasset" 23
"../../../Procedural/Content/Mannequin/Character/Materials/MaterialLayers/T_ML_Rubber_Blue_01_N.uasset" 24
"../../../Procedural/Content/Mannequin/Character/Materials/MaterialLayers/ML_GlossyBlack_Latex_UE4.uasset" 25
"../../../Procedural/Content/Mannequin/Character/Materials/MaterialLayers/ML_Plastic_Shiny_Beige.uasset" 26
"../../../Procedural/Content/Mannequin/Character/Textures/UE4_LOGO_CARD.uasset" 27
"../../../Procedural/Content/Mannequin/Character/Materials/MaterialLayers/ML_Plastic_Shiny_Beige_LOGO.uasset" 28
"../../../Procedural/Content/Mannequin/Character/Materials/MaterialLayers/T_ML_Aluminum01.uasset" 29
"../../../Procedural/Content/Mannequin/Character/Materials/MaterialLayers/T_ML_Aluminum01_N.uasset" 30
"../../../Procedural/Content/Mannequin/Character/Materials/MaterialLayers/ML_SoftMetal_UE4.uasset" 31
"../../../Procedural/Content/Mannequin/Character/Textures/UE4_Mannequin__normals.uasset" 32
"../../../Procedural/Content/Mannequin/Character/Textures/UE4_Mannequin_MAT_MASKA.uasset" 33
"../../../Procedural/Content/Mannequin/Character/Materials/M_UE4Man_Body.uasset" 34
"../../../Procedural/Content/Mannequin/Character/Textures/UE4Man_Logo_N.uasset" 35
"../../../Procedural/Content/Mannequin/Character/Materials/M_UE4Man_ChestLogo.uasset" 36
"../../../Procedural/Content/Mannequin/Character/Mesh/SK_Mannequin_PhysicsAsset.uasset" 37
"../../../Procedural/Content/Mannequin/Character/Mesh/SK_Mannequin.uasset" 38
"../../../Procedural/Content/ThirdPersonBP/Blueprints/ThirdPersonCharacter.uasset" 39
"../../../Procedural/Content/GameMode.uasset" 40
"../../../Procedural/Content/LandscapeGrassType2.uasset" 41
"../../../Procedural/Content/Foliage/Bush/tex_bush_diff.uasset" 42
"../../../Procedural/Content/Foliage/Bush/M_bush_Inst.uasset" 43
"../../../Procedural/Content/Foliage/Bush/SM_bush001.uasset" 44
"../../../Engine/Content/Functions/Engine_MaterialFunctions01/Shading/FuzzyShading.uasset" 45
"../../../Procedural/Content/Foliage/Tree/tex_bark_diff.uasset" 46
"../../../Procedural/Content/Foliage/Tree/tex_bark_n.uasset" 47
"../../../Procedural/Content/Foliage/Tree/M_bark.uasset" 48
"../../../Procedural/Content/Foliage/Tree/tex_tree_diff.uasset" 49
"../../../Procedural/Content/Foliage/Tree/M_tree_Ins.uasset" 50
"../../../Procedural/Content/Foliage/Tree/SM_tree001.uasset" 51
"../../../Procedural/Content/LandscapeGrassType3.uasset" 52
"../../../Procedural/Content/LandscapeVoxelAsset1_Blueprint.uasset" 53
"../../../Procedural/Content/LandscapeMaterial/Grass_LayerInfo.uasset" 54
"../../../Procedural/Content/LandscapeMaterial/Snow_LayerInfo.uasset" 55
"../../../Procedural/Content/LandscapeMaterial/Wood_LayerInfo.uasset" 56
"../../../Procedural/Content/LandscapeWorldGenerator1_Blueprint.uasset" 57
"../../../Procedural/Content/LandscapeWorldGeneratorBP.uasset" 58
"../../../Procedural/Content/MySphereWorldGenerator.uasset" 59
"../../../Procedural/Content/ShapesLoops.uasset" 60
"../../../Procedural/Content/WaterPlane/Environment/Textures/T_Detail_Rocky_N.uasset" 61
"../../../Procedural/Content/WaterPlane/Environment/Textures/T_Rock_Basalt_D.uasset" 62
"../../../Procedural/Content/WaterPlane/Environment/Textures/T_RockMesh_M.uasset" 63
"../../../Procedural/Content/WaterPlane/Environment/Textures/T_RockMesh_N.uasset" 64
"../../../Procedural/Content/WaterPlane/Environment/Props/Materials/M_Rock.uasset" 65
"../../../Procedural/Content/WaterPlane/Environment/Props/SM_Rock.uasset" 66
"../../../Procedural/Content/LandscapeGrassType1.uasset" 67
"../../../Procedural/Content/Test.uasset" 68
"../../../Procedural/Content/Test_BuiltData.uasset" 69
"../../../Procedural/Content/StarterContent/Textures/T_MacroVariation.uasset" 70
"../../../Procedural/Content/StarterContent/Textures/T_Metal_Aluminum_D.uasset" 71
"../../../Procedural/Content/StarterContent/Textures/T_Metal_Gold_N.uasset" 72
"../../../Procedural/Content/StarterContent/Materials/M_Metal_Burnished_Steel.uasset" 73
"../../../Engine/Content/Functions/Engine_MaterialFunctions01/Opacity/CameraDepthFade.uasset" 74
"../../../Engine/Content/EngineMaterials/T_Default_Material_Grid_M.uasset" 75
"../../../Engine/Content/EngineMaterials/T_Default_Material_Grid_N.uasset" 76
"../../../Engine/Content/EngineMaterials/DefaultMaterial.uasset" 77
"../../../Engine/Content/BasicShapes/Sphere.uasset" 78
"../../../Procedural/Content/BasicSphereBP.uasset" 79
"../../../Procedural/Content/VoxelSave.uasset" 80
"../../../Procedural/Content/VoxelUI.uasset" 81
"../../../Procedural/Content/VoxelPlayerController.uasset" 82
"../../../Procedural/Content/VoxelGameMode.uasset" 83
"../../../Engine/Content/Functions/Engine_MaterialFunctions01/ImageAdjustment/SCurve.uasset" 84
"../../../Engine/Content/Functions/Engine_MaterialFunctions01/Shading/ConvertFromDiffSpec.uasset" 85
"../../../Engine/Content/Functions/Engine_MaterialFunctions01/Shading/PowerToRoughness.uasset" 86
"../../../Engine/Content/Functions/Engine_MaterialFunctions02/Math/CreateThirdOrthogonalVector.uasset" 87
"../../../Engine/Content/Functions/Engine_MaterialFunctions02/Utility/BreakOutFloat3Components.uasset" 88
"../../../Engine/Content/Functions/Engine_MaterialFunctions02/Math/Transform3x3Matrix.uasset" 89
"../../../Engine/Content/Functions/Engine_MaterialFunctions02/TangentBasis.uasset" 90
"../../../Engine/Content/Functions/Engine_MaterialFunctions02/Utility/VectorLength.uasset" 91
"../../../Engine/Content/Functions/Engine_MaterialFunctions01/WorldPositionOffset/SplineThicken.uasset" 92
"../../../Procedural/Content/Assets/Textures/T_HR_Grass01_D.uasset" 93
"../../../Procedural/Content/Assets/Textures/T_HR_Grass01_N.uasset" 94
"../../../Procedural/Content/Assets/Materials/M_HR_Grass_MASTER.uasset" 95
"../../../Procedural/Content/Assets/Materials/M_HR_Grass_01_Inst.uasset" 96
"../../../Procedural/Content/Assets/Materials/M_HR_Grass_01_B_Inst.uasset" 97
"../../../Procedural/Content/Assets/Meshes/SM_HR_Grass01.uasset" 98
"../../../Procedural/Content/Foliage/Grass/SM_grass002.uasset" 99
"../../../Procedural/Content/Foliage/Grass/SM_grass003.uasset" 100
"../../../Procedural/Content/KiteDemo/Material/WorldCoords-XY.uasset" 101
"../../../Procedural/Content/KiteDemo/Environments/Foliage/Grass/FieldGrass/T_FieldGrass_01_D.uasset" 102
"../../../Procedural/Content/KiteDemo/Environments/Foliage/Grass/FieldGrass/T_FieldGrass_02_M.uasset" 103
"../../../Procedural/Content/KiteDemo/Environments/Textures/T_Water_N.uasset" 104
"../../../Procedural/Content/KiteDemo/Environments/Foliage/Grass/FieldGrass/M_FieldGrass_01.uasset" 105
"../../../Procedural/Content/KiteDemo/Environments/Foliage/Grass/FieldGrass/M_FieldGrass_Inst_01.uasset" 106
"../../../Procedural/Content/KiteDemo/Environments/Foliage/Grass/FieldGrass/M_FieldGrass_Inst_01_LOD1.uasset" 107
"../../../Procedural/Content/KiteDemo/Environments/Foliage/Grass/FieldGrass/M_FieldGrass_Inst_01_LOD2.uasset" 108
"../../../Procedural/Content/KiteDemo/Environments/Foliage/Grass/FieldGrass/SM_FieldGrass_01.uasset" 109
"../../../Procedural/Content/StarterContent/Textures/T_Ground_Grass_D.uasset" 110
"../../../Procedural/Content/StarterContent/Textures/T_Wood_Walnut_D.uasset" 111
"../../../Procedural/Content/LandscapeMaterial/Terrain.uasset" 112
"../../../Procedural/Content/Mannequin/Animations/ThirdPersonJump_End.uasset" 113
"../../../Procedural/Content/StarterContent/Materials/M_Basic_Wall.uasset" 114
"../../../Procedural/Content/StarterContent/Architecture/Pillar_50x500.uasset" 115
"../../../Procedural/Content/StarterContent/Architecture/Wall_400x300.uasset" 116
"../../../Procedural/Content/StarterContent/Architecture/Wall_400x400.uasset" 117
"../../../Procedural/Content/StarterContent/Architecture/Wall_500x500.uasset" 118
"../../../Procedural/Content/StarterContent/Architecture/Wall_Door_400x400.uasset" 119
"../../../Procedural/Content/StarterContent/Architecture/Wall_Window_400x400.uasset" 120
"../../../Procedural/Content/StarterContent/Audio/Light01_Cue.uasset" 121
"../../../Procedural/Content/StarterContent/Audio/Light02_Cue.uasset" 122
"../../../Procedural/Content/StarterContent/Audio/Explosion_Cue.uasset" 123
"../../../Procedural/Content/StarterContent/Textures/T_Burst_M.uasset" 124
"../../../Procedural/Content/StarterContent/Particles/Materials/M_Burst.uasset" 125
"../../../Procedural/Content/StarterContent/Textures/T_Explosion_SubUV.uasset" 126
"../../../Procedural/Content/StarterContent/Particles/Materials/M_explosion_subUV.uasset" 127
"../../../Procedural/Content/StarterContent/Particles/Materials/m_flare_01.uasset" 128
"../../../Engine/Content/Functions/Engine_MaterialFunctions01/Gradient/RadialGradient.uasset" 129
"../../../Procedural/Content/StarterContent/Particles/Materials/M_radial_ramp.uasset" 130
"../../../Procedural/Content/StarterContent/Textures/T_Smoke_SubUV.uasset" 131
"../../../Procedural/Content/StarterContent/Textures/T_Smoke_Tiled_D.uasset" 132
"../../../Procedural/Content/StarterContent/Particles/Materials/M_smoke_subUV.uasset" 133
"../../../Procedural/Content/StarterContent/Particles/P_Explosion.uasset" 134
"../../../Procedural/Content/StarterContent/Blueprints/Blueprint_Effect_Explosion.uasset" 135
"../../../Engine/Content/EditorMeshes/ColorCalibrator/T_ColorGrid.uasset" 136
"../../../Procedural/Content/StarterContent/Materials/M_ColorGrid_LowSpec.uasset" 137
"../../../Procedural/Content/StarterContent/Textures/T_Bush_D.uasset" 138
"../../../Procedural/Content/StarterContent/Textures/T_Bush_N.uasset" 139
"../../../Procedural/Content/StarterContent/Props/Materials/M_Bush.uasset" 140
"../../../Procedural/Content/StarterContent/Props/SM_Bush.uasset" 141
"../../../Procedural/Content/StarterContent/Textures/T_Chair_M.uasset" 142
"../../../Procedural/Content/StarterContent/Textures/T_Chair_N.uasset" 143
"../../../Procedural/Content/StarterContent/Props/Materials/M_Chair.uasset" 144
"../../../Procedural/Content/StarterContent/Props/SM_Couch.uasset" 145
"../../../Procedural/Content/StarterContent/Materials/M_Glass.uasset" 146
"../../../Procedural/Content/StarterContent/Textures/T_Door_M.uasset" 147
"../../../Procedural/Content/StarterContent/Textures/T_Door_N.uasset" 148
"../../../Procedural/Content/StarterContent/Props/Materials/M_Door.uasset" 149
"../../../Procedural/Content/StarterContent/Props/SM_Door.uasset" 150
"../../../Procedural/Content/StarterContent/Props/Materials/M_MaterialSphere.uasset" 151
"../../../Procedural/Content/StarterContent/Props/Materials/M_MaterialSphere_Plain.uasset" 152
"../../../Procedural/Content/StarterContent/Props/SM_MatPreviewMesh_02.uasset" 153
"../../../Procedural/Content/StarterContent/Textures/T_Detail_Rocky_N.uasset" 154
"../../../Procedural/Content/StarterContent/Textures/T_Rock_Basalt_D.uasset" 155
"../../../Procedural/Content/StarterContent/Textures/T_RockMesh_M.uasset" 156
"../../../Procedural/Content/StarterContent/Textures/T_RockMesh_N.uasset" 157
"../../../Procedural/Content/StarterContent/Props/Materials/M_Rock.uasset" 158
"../../../Procedural/Content/StarterContent/Props/SM_Rock.uasset" 159
"../../../Procedural/Content/StarterContent/Textures/T_Shelf_M.uasset" 160
"../../../Procedural/Content/StarterContent/Textures/T_Shelf_N.uasset" 161
"../../../Procedural/Content/StarterContent/Props/Materials/M_Shelf.uasset" 162
"../../../Procedural/Content/StarterContent/Props/SM_Shelf.uasset" 163
"../../../Procedural/Content/StarterContent/Materials/M_Basic_Floor.uasset" 164
"../../../Procedural/Content/StarterContent/Props/SM_Stairs.uasset" 165
"../../../Procedural/Content/StarterContent/Shapes/Shape_Cone.uasset" 166
"../../../Procedural/Content/StarterContent/Shapes/Shape_Cylinder.uasset" 167
"../../../Procedural/Content/StarterContent/Shapes/Shape_NarrowCapsule.uasset" 168
"../../../Procedural/Content/StarterContent/Shapes/Shape_Pipe.uasset" 169
"../../../Procedural/Content/StarterContent/Shapes/Shape_Pipe_180.uasset" 170
"../../../Procedural/Content/StarterContent/Shapes/Shape_Pipe_90.uasset" 171
"../../../Procedural/Content/StarterContent/Shapes/Shape_Plane.uasset" 172
"../../../Procedural/Content/StarterContent/Shapes/Shape_Torus.uasset" 173
"../../../Procedural/Content/StarterContent/Shapes/Shape_Trim.uasset" 174
"../../../Procedural/Content/StarterContent/Shapes/Shape_Trim_90_In.uasset" 175
"../../../Procedural/Content/StarterContent/Shapes/Shape_Trim_90_Out.uasset" 176
"../../../Procedural/Content/StarterContent/Shapes/Shape_TriPyramid.uasset" 177
"../../../Procedural/Content/StarterContent/Shapes/Shape_Tube.uasset" 178
"../../../Procedural/Content/StarterContent/Shapes/Shape_Wedge_A.uasset" 179
"../../../Procedural/Content/StarterContent/Shapes/Shape_Wedge_B.uasset" 180
"../../../Procedural/Content/StarterContent/Shapes/Shape_WideCapsule.uasset" 181
"../../../Procedural/Content/Textures/Grass/Ground_DirtBrownTan_2k_DISP.uasset" 182
"../../../Procedural/Content/Textures/Grass/Ground_DirtBrownTan_2k_OCC.uasset" 183
"../../../Procedural/Content/Textures/Grass/Ground_DirtBrownTan_2k_SPEC.uasset" 184
"../../../Procedural/Content/Textures/Rock/Rock_JaggedCaveWall_2k_COLOR.uasset" 185
"../../../Procedural/Content/Textures/Rock/Rock_JaggedCaveWall_2k_DISP.uasset" 186
"../../../Procedural/Content/Textures/Rock/Rock_JaggedCaveWall_2k_NRM.uasset" 187
"../../../Procedural/Content/Textures/Rock/Rock_JaggedCaveWall_2k_OCC.uasset" 188
"../../../Procedural/Content/Textures/Rock/Rock_JaggedCaveWall_2k_SPEC.uasset" 189
"../../../Procedural/Content/Textures/Rock2/T_Rock_Slate_D.uasset" 190
"../../../Procedural/Content/Textures/Rock2/T_Rock_Slate_N.uasset" 191
"../../../Procedural/Content/ThirdPersonBP/Blueprints/ThirdPersonGameMode.uasset" 192
"../../../Procedural/Content/VehicleAdv/ArenaMesh/CubeMaterial.uasset" 193
"../../../Engine/Content/EngineMaterials/Grid.uasset" 194
"../../../Procedural/Content/VehicleAdv/Materials/MasterGrid.uasset" 195
"../../../Procedural/Content/VehicleAdv/Materials/MaterialInstances/RedGrid.uasset" 196
"../../../Procedural/Content/VehicleAdv/ArenaMesh/pole.uasset" 197
"../../../Procedural/Content/VehicleAdv/Materials/MasterSolidColor.uasset" 198
"../../../Procedural/Content/VehicleAdv/Materials/MaterialInstances/SolidOrange.uasset" 199
"../../../Procedural/Content/VehicleAdv/ArenaMesh/RampTwist.uasset" 200
"../../../Engine/Content/EngineMaterials/WorldGridMaterial.uasset" 201
"../../../Procedural/Content/VehicleAdv/ArenaMesh/RoadSegment_01.uasset" 202
"../../../Procedural/Content/VehicleAdv/Sound/Engine_Speed_02_Loop.uasset" 203
"../../../Procedural/Content/VehicleAdv/Sound/Engine_Speed_04_Loop.uasset" 204
"../../../Procedural/Content/VehicleAdv/Sound/Engine_Speed_06_Loop.uasset" 205
"../../../Procedural/Content/VehicleAdv/Textures/VehicleJoystick_BackgroundL.uasset" 206
"../../../Procedural/Content/VehicleAdv/Textures/VehicleJoystick_BackgroundR.uasset" 207
"../../../Engine/Content/MobileResources/HUD/VirtualJoystick_Background.uasset" 208
"../../../Engine/Content/MobileResources/HUD/VirtualJoystick_Thumb.uasset" 209
"../../../Procedural/Content/VehicleAdv/Vehicle/LeftVirtualJoystickOnly.uasset" 210
"../../../Procedural/Content/VehicleAdv/Vehicle/VehicleBodyCollision.uasset" 211
"../../../Procedural/Content/VehicleAdv/Vehicle/VehicleSkeleton.uasset" 212
"../../../Procedural/Content/VehicleAdv/Vehicle/VehicleAnimationBlueprint.uasset" 213
"../../../Procedural/Content/VehicleAdv/PhysicsMaterials/NonSlippery.uasset" 214
"../../../Procedural/Content/VehicleAdv/PhysicsMaterials/Slippery.uasset" 215
"../../../Procedural/Content/VehicleAdv/Vehicle/WheelData/Vehicle_BackTireConfig.uasset" 216
"../../../Procedural/Content/VehicleAdvBP/Blueprints/WheelData/WheelBack.uasset" 217
"../../../Procedural/Content/VehicleAdv/Vehicle/WheelData/Vehicle_FrontTireConfig.uasset" 218
"../../../Procedural/Content/VehicleAdvBP/Blueprints/WheelData/WheelFront.uasset" 219
"../../../Engine/Content/EngineFonts/RobotoDistanceField.uasset" 220
"../../../Engine/Content/Functions/Engine_MaterialFunctions03/Procedurals/ComputeFilterWidth.uasset" 221
"../../../Engine/Content/EngineMaterials/AntiAliasedTextMaterialTranslucent.uasset" 222
"../../../Procedural/Content/VehicleAdv/Sound/Engine_att.uasset" 223
"../../../Procedural/Content/VehicleAdv/Sound/Engine_Loop_Cue.uasset" 224
"../../../Procedural/Content/VehicleAdv/Materials/Fixed_Template_Master.uasset" 225
"../../../Procedural/Content/VehicleAdv/Materials/MaterialInstances/Template_BaseBlue.uasset" 226
"../../../Procedural/Content/VehicleAdv/Vehicle/VehiclePhysicsAsset.uasset" 227
"../../../Procedural/Content/VehicleAdv/Vehicle/Vehicle_SkelMesh.uasset" 228
"../../../Procedural/Content/VehicleAdvBP/Blueprints/VehicleBlueprint.uasset" 229
"../../../Procedural/Content/VehicleAdvBP/Blueprints/VehicleAdvHud.uasset" 230
"../../../Procedural/Content/VehicleAdvBP/Blueprints/VehicleAdvGameMode.uasset" 231
"../../../Procedural/Content/VoxelMaterial/MaterialChooser16.uasset" 232
"../../../Procedural/Content/VoxelMaterial/MaterialChooser32.uasset" 233
"../../../Engine/Content/Functions/Engine_MaterialFunctions02/Utility/MakeFloat2.uasset" 234
"../../../Engine/Content/Functions/Engine_MaterialFunctions02/Utility/MakeFloat4.uasset" 235
"../../../Procedural/Content/StarterContent/Textures/T_Tech_Hex_Tile_M.uasset" 236
"../../../Procedural/Content/VoxelMaterial/TriplanarProjectionWithOffset.uasset" 237
"../../../Procedural/Content/VoxelMaterial/SimpleTriplanarProjectionWithTopAndOffset.uasset" 238
"../../../Procedural/Content/VoxelMaterial/VertexColors.uasset" 239
"../../../Procedural/Content/WaterPlane/Ocean/Materials/FakedCaustics.uasset" 240
"../../../Procedural/Content/WaterPlane/Ocean/Textures/T_MicroWaves_N.uasset" 241
"../../../Procedural/Content/WaterPlane/Ocean/Textures/T_OceanFoam_01.uasset" 242
"../../../Engine/Content/BasicShapes/Plane.uasset" 243
"../../../Engine/Content/EditorLandscapeResources/DataLayer.uasset" 244
"../../../Engine/Content/EditorMaterials/GizmoMaterial.uasset" 245
"../../../Engine/Content/EditorMaterials/MAT_Groups_Toggle.uasset" 246
"../../../Engine/Content/EditorMaterials/MAT_Groups_Visibility.uasset" 247
"../../../Engine/Content/EditorMaterials/PreviewShadowIndicator.uasset" 248
"../../../Engine/Content/EditorMaterials/PreviewShadowIndicatorMaterial.uasset" 249
"../../../Engine/Content/EditorMaterials/AssetViewer/EpicQuadPanorama_CC+EV1.uasset" 250
"../../../Engine/Content/EditorMaterials/MatineeGroups/MAT_ColorTrack.uasset" 251
"../../../Engine/Content/EditorMaterials/MatineeGroups/MAT_Groups_Anim.uasset" 252
"../../../Engine/Content/EditorMaterials/MatineeGroups/MAT_Groups_AudioMaster.uasset" 253
"../../../Engine/Content/EditorMaterials/MatineeGroups/MAT_Groups_Director.uasset" 254
"../../../Engine/Content/EditorMaterials/MatineeGroups/MAT_Groups_Event.uasset" 255
"../../../Engine/Content/EditorMaterials/MatineeGroups/MAT_Groups_Fade.uasset" 256
"../../../Engine/Content/EditorMaterials/MatineeGroups/MAT_Groups_Float.uasset" 257
"../../../Engine/Content/EditorMaterials/MatineeGroups/MAT_Groups_Move.uasset" 258
"../../../Engine/Content/EditorMaterials/MatineeGroups/MAT_Groups_Slomo.uasset" 259
"../../../Engine/Content/EditorMaterials/MatineeGroups/MAT_Groups_Sound.uasset" 260
"../../../Engine/Content/EditorMaterials/MatineeGroups/MAT_Groups_Vector.uasset" 261
"../../../Engine/Content/EditorMaterials/ParticleSystems/PSysThumbnail_NoImage.uasset" 262
"../../../Engine/Content/EditorMaterials/ParticleSystems/PSysThumbnail_OOD.uasset" 263
"../../../Engine/Content/EditorMaterials/Camera/CineMat.uasset" 264
"../../../Engine/Content/EditorMaterials/Camera/MI_CineMat_Rig.uasset" 265
"../../../Engine/Content/EditorMeshes/Camera/SM_CraneRig_Arm.uasset" 266
"../../../Engine/Content/EditorMeshes/Camera/SM_CraneRig_Base.uasset" 267
"../../../Engine/Content/EditorMeshes/Camera/SM_CraneRig_Body.uasset" 268
"../../../Engine/Content/EditorMeshes/Camera/SM_CraneRig_Mount.uasset" 269
"../../../Engine/Content/EditorMeshes/Camera/SM_RailRig_Mount.uasset" 270
"../../../Engine/Content/EditorMeshes/Camera/SM_RailRig_Track.uasset" 271
"../../../Engine/Content/EditorResources/BSPVertex.uasset" 272
"../../../Engine/Content/EditorResources/EmptyActor.uasset" 273
"../../../Engine/Content/EditorResources/S_Actor.uasset" 274
"../../../Engine/Content/EditorResources/S_Trigger.uasset" 275
"../../../Engine/Content/EditorResources/AudioIcons/S_AudioComponent.uasset" 276
"../../../Engine/Content/EditorResources/AudioIcons/S_AudioComponent_AutoActivate.uasset" 277
"../../../Engine/Content/EditorResources/LightIcons/S_LightError.uasset" 278
"../../../Engine/Content/EditorResources/SequenceRecorder/Countdown.uasset" 279
"../../../Engine/Content/EditorResources/SequenceRecorder/RecordingIndicator.uasset" 280
"../../../Engine/Content/EditorSounds/Notifications/CompileFailed.uasset" 281
"../../../Engine/Content/EditorSounds/Notifications/CompileFailed_Cue.uasset" 282
"../../../Engine/Content/EditorSounds/Notifications/CompileSuccess.uasset" 283
"../../../Engine/Content/EditorSounds/Notifications/CompileStart_Cue.uasset" 284
"../../../Engine/Content/EditorSounds/Notifications/CompileSuccess_Cue.uasset" 285
"../../../Engine/Content/EngineDamageTypes/DmgTypeBP_Environmental.uasset" 286
"../../../Engine/Content/EngineDebugMaterials/HeatmapGradient.uasset" 287
"../../../Engine/Content/EngineDebugMaterials/BoneWeightMaterial.uasset" 288
"../../../Engine/Content/EngineDebugMaterials/ClothMaterial.uasset" 289
"../../../Engine/Content/EngineDebugMaterials/ClothMaterial_WF.uasset" 290
"../../../Engine/Content/EngineDebugMaterials/DebugEditorMaterial.uasset" 291
"../../../Engine/Content/EngineDebugMaterials/DebugMeshMaterial.uasset" 292
"../../../Engine/Content/EngineDebugMaterials/GeomMaterial.uasset" 293
"../../../Engine/Content/EngineFonts/Faces/RobotoBold.uasset" 294
"../../../Engine/Content/EngineFonts/Faces/RobotoBoldItalic.uasset" 295
"../../../Engine/Content/EngineFonts/Faces/RobotoItalic.uasset" 296
"../../../Engine/Content/EngineFonts/Faces/RobotoLight.uasset" 297
"../../../Engine/Content/EngineFonts/Faces/RobotoRegular.uasset" 298
"../../../Engine/Content/EngineFonts/Roboto.uasset" 299
"../../../Engine/Content/EngineFonts/Faces/RobotoTiny.uasset" 300
"../../../Engine/Content/EngineFonts/RobotoTiny.uasset" 301
"../../../Engine/Content/EngineMaterials/DefaultBloomKernel.uasset" 302
"../../../Engine/Content/EngineMaterials/DefaultBokeh.uasset" 303
"../../../Engine/Content/EngineMaterials/DefaultDiffuse.uasset" 304
"../../../Engine/Content/EngineMaterials/DefaultDeferredDecalMaterial.uasset" 305
"../../../Engine/Content/EngineMaterials/DefaultLightFunctionMaterial.uasset" 306
"../../../Engine/Content/EngineMaterials/DefaultPhysicalMaterial.uasset" 307
"../../../Engine/Content/Functions/Engine_MaterialFunctions02/Utility/BreakOutFloat2Components.uasset" 308
"../../../Engine/Content/EngineMaterials/DefaultPostProcessMaterial.uasset" 309
"../../../Engine/Content/EngineMaterials/DefaultTextMaterialOpaque.uasset" 310
"../../../Engine/Content/EngineMaterials/DefaultWhiteGrid.uasset" 311
"../../../Engine/Content/EngineMaterials/EditorBrushMaterial.uasset" 312
"../../../Engine/Content/EngineMaterials/Good64x64TilingNoiseHighFreq.uasset" 313
"../../../Engine/Content/EngineMaterials/MiniFont.uasset" 314
"../../../Engine/Content/EngineMaterials/InvalidLightmapSettings.uasset" 315
"../../../Engine/Content/EngineMaterials/M_InvalidLightmapSettings.uasset" 316
"../../../Engine/Content/EngineMaterials/PhAT_JointLimitMaterial.uasset" 317
"../../../Engine/Content/EngineMaterials/PreintegratedSkinBRDF.uasset" 318
"../../../Engine/Content/EngineMaterials/RemoveSurfaceMaterial.uasset" 319
"../../../Engine/Content/EngineMaterials/WeightMapPlaceholderTexture.uasset" 320
"../../../Engine/Content/EngineResources/WhiteSquareTexture.uasset" 321
"../../../Engine/Content/EngineMaterials/Widget3DPassThrough.uasset" 322
"../../../Engine/Content/EngineMaterials/Widget3DPassThrough_Masked.uasset" 323
"../../../Engine/Content/EngineMaterials/Widget3DPassThrough_Opaque.uasset" 324
"../../../Engine/Content/EngineMaterials/Widget3DPassThrough_Masked_OneSided.uasset" 325
"../../../Engine/Content/EngineMaterials/Widget3DPassThrough_Opaque_OneSided.uasset" 326
"../../../Engine/Content/EngineMaterials/Widget3DPassThrough_Translucent.uasset" 327
"../../../Engine/Content/EngineMaterials/Widget3DPassThrough_Translucent_OneSided.uasset" 328
"../../../Engine/Content/EngineMeshes/Cube.uasset" 329
"../../../Engine/Content/EngineMeshes/Cylinder.uasset" 330
"../../../Engine/Content/EngineMeshes/Sphere.uasset" 331
"../../../Engine/Content/EngineResources/Black.uasset" 332
"../../../Engine/Content/EngineResources/DefaultTexture.uasset" 333
"../../../Engine/Content/EngineResources/DefaultTextureCube.uasset" 334
"../../../Engine/Content/EngineResources/GradientTexture0.uasset" 335
"../../../Engine/Content/EngineSounds/Master.uasset" 336
"../../../Engine/Content/Maps/Templates/Thumbnails/Default.uasset" 337
"../../../Engine/Content/Maps/Templates/Thumbnails/VR-Basic.uasset" 338
"../../../Engine/Content/MobileResources/T_MobileControls_texture.uasset" 339
"../../../Engine/Content/MobileResources/T_MobileMenu2.uasset" 340
"../../../Engine/Content/MobileResources/HUD/AnalogHat.uasset" 341
"../../../Engine/Content/MobileResources/HUD/DefaultVirtualJoysticks.uasset" 342
"../../../Engine/Content/MobileResources/HUD/LeftVirtualJoystickOnly.uasset" 343
"../../../Engine/Content/MobileResources/HUD/MobileHUDButton1_off.uasset" 344
"../../../Engine/Content/MobileResources/HUD/MobileHUDButton1_on.uasset" 345
"../../../Engine/Content/MobileResources/HUD/MobileHUDButton2_off.uasset" 346
"../../../Engine/Content/MobileResources/HUD/MobileHUDButton2_on.uasset" 347
"../../../Engine/Content/MobileResources/HUD/MobileHUDButton3.uasset" 348
"../../../Engine/Content/MobileResources/HUD/MobileHUDButtonFire.uasset" 349
"../../../Engine/Content/MobileResources/HUD/MobileHUDDirectionPad.uasset" 350
"../../../Engine/Content/MobileResources/HUD/MobileHUDDirectionPad2.uasset" 351
"../../../Engine/Content/MobileResources/HUD/MobileHUDDirectionPad3.uasset" 352
"../../../Engine/Content/MobileResources/HUD/MobileHUDDirectionStick.uasset" 353
"../../../Engine/Content/MobileResources/HUD/T_Castle_ThumbstickInner.uasset" 354
"../../../Engine/Content/MobileResources/HUD/T_Castle_ThumbstickOutter.uasset" 355
"../../../Engine/Content/Tutorial/ContentIntroCurve.uasset" 356
"../../../Engine/Content/Tutorial/Basics/TutorialAssets/icon_tab_Levels_40x.uasset" 357
"../../../Engine/Content/Tutorial/BlueprintTutorials/TutorialAssets/BlueprintInterface_64x.uasset" 358
"../../../Engine/Content/Tutorial/BlueprintTutorials/TutorialAssets/BlueprintMacroLibrary_64x.uasset" 359
"../../../Engine/Content/Tutorial/BlueprintTutorials/TutorialAssets/Blueprint_64x.uasset" 360
"../../../Engine/Content/Tutorial/BlueprintTutorials/TutorialAssets/Tutorial_BP_Interface.uasset" 361
"../../../Engine/Content/Tutorial/Foliage/TutorialAssets/Foliage.uasset" 362
"../../../Engine/Content/Tutorial/Landscape/TutorialAssets/Landscape.uasset" 363
"../../../Engine/Content/Tutorial/Paper2D/TutorialAssets/Paper2DFlipbook_TutorialIcon.uasset" 364
"../../../Engine/Content/Tutorial/Paper2D/TutorialAssets/Paper2DSprite_TutorialIcon.uasset" 365
"../../../Engine/Content/Tutorial/SubEditors/TutorialAssets/icon_Editor_Preferences_General_40x.uasset" 366
"../../../Engine/Content/Tutorial/SubEditors/TutorialAssets/icon_ShowSkeletalMeshes_40x.uasset" 367
"../../../Engine/Content/Tutorial/SubEditors/TutorialAssets/TutorialMaterial.uasset" 368
"../../../Engine/Content/Tutorial/SubEditors/TutorialAssets/T_SmokeSubUV_8X8.uasset" 369
"../../../Engine/Content/Tutorial/SubEditors/TutorialAssets/T_soft_smoke.uasset" 370
"../../../Engine/Content/Tutorial/SubEditors/TutorialAssets/M_smoke_subUV_blackbody.uasset" 371
"../../../Engine/Content/Tutorial/SubEditors/TutorialAssets/TutorialParticleSystem.uasset" 372
"../../../Engine/Content/EditorMeshes/EditorCube.uasset" 373
"../../../Engine/Content/Tutorial/SubEditors/TutorialAssets/Tutorial_DM.uasset" 374
"../../../Engine/Content/VREditor/Devices/Generic/GenericHMDMaterial.uasset" 375
"../../../Engine/Content/VREditor/Devices/Generic/GenericHMD.uasset" 376
"../../../Engine/Content/VREditor/FloatingText/LineMaterial.uasset" 377
"../../../Engine/Content/VREditor/FloatingText/JointSphere.uasset" 378
"../../../Engine/Content/VREditor/FloatingText/LineSegmentCylinder.uasset" 379
"../../../Engine/Content/VREditor/Fonts/VRText_RobotoLarge.uasset" 380
"../../../Engine/Content/VREditor/Fonts/VRTextMaterial.uasset" 381
"../../../Engine/Content/VREditor/Fonts/TranslucentVRTextMaterial.uasset" 382
"../../../Engine/Content/VREditor/LaserPointer/CursorPointer.uasset" 383
"../../../Engine/Content/VREditor/LaserPointer/VR_LaserPower_01.uasset" 384
"../../../Engine/Content/VREditor/TransformGizmo/TransformGizmoMaterial.uasset" 385
"../../../Engine/Content/VREditor/LaserPointer/HoverMaterial.uasset" 386
"../../../Engine/Content/VREditor/TransformGizmo/TranslucentTransformGizmoMaterial.uasset" 387
"../../../Engine/Content/VREditor/LaserPointer/TranslucentHoverMaterial.uasset" 388
"../../../Engine/Content/VREditor/LaserPointer/HoverMesh.uasset" 389
"../../../Engine/Content/VREditor/LaserPointer/LaserPointerMaterial.uasset" 390
"../../../Engine/Content/VREditor/LaserPointer/LaserPointerMaterialInst.uasset" 391
"../../../Engine/Content/VREditor/LaserPointer/TranslucentLaserPointerMaterialInst.uasset" 392
"../../../Engine/Content/VREditor/LaserPointer/LaserPointerMesh.uasset" 393
"../../../Engine/Content/VREditor/LaserPointer/LaserPointerMesh_End.uasset" 394
"../../../Engine/Content/VREditor/LaserPointer/LaserPointerMesh_Start.uasset" 395
"../../../Engine/Content/Functions/Engine_MaterialFunctions02/SplitComponents.uasset" 396
"../../../Engine/Content/Functions/Engine_MaterialFunctions02/Utility/MakeFloat3.uasset" 397
"../../../Engine/Content/VREditor/SnapGrid/SnapGridMaterial.uasset" 398
"../../../Engine/Content/VREditor/SnapGrid/SnapGridPlaneMesh.uasset" 399
"../../../Engine/Content/VREditor/Sounds/VR_teleport.uasset" 400
"../../../Engine/Content/VREditor/Sounds/UI/Click_on_Button_Cue.uasset" 401
"../../../Engine/Content/VREditor/Sounds/UI/Dockable_Window_Close.uasset" 402
"../../../Engine/Content/VREditor/Sounds/UI/Dockable_Window_Drop.uasset" 403
"../../../Engine/Content/VREditor/Sounds/UI/Dockable_Window_Open.uasset" 404
"../../../Engine/Content/VREditor/Sounds/UI/Dockable_Window_Pick_Up.uasset" 405
"../../../Engine/Content/VREditor/Sounds/UI/Drop_Item_From_ContentBrowser.uasset" 406
"../../../Engine/Content/VREditor/Sounds/UI/Floating_UI_Open-001.uasset" 407
"../../../Engine/Content/VREditor/Sounds/UI/Gizmo_Handle_Clicked.uasset" 408
"../../../Engine/Content/VREditor/Sounds/UI/Object_PickUp.uasset" 409
"../../../Engine/Content/VREditor/Sounds/UI/Object_Snaps_To_Another_Actor.uasset" 410
"../../../Engine/Content/VREditor/Sounds/UI/Object_Snaps_To_Grid.uasset" 411
"../../../Engine/Content/VREditor/Sounds/UI/Radial_Menu_FadeOut.uasset" 412
"../../../Engine/Content/VREditor/Sounds/UI/Scaling_Down.uasset" 413
"../../../Engine/Content/VREditor/Sounds/UI/Scaling_Up.uasset" 414
"../../../Engine/Content/VREditor/Sounds/UI/Selection_Changes.uasset" 415
"../../../Engine/Content/VREditor/Sounds/UI/Teleport_Mode_Entered.uasset" 416
"../../../Engine/Content/VREditor/Teleport/TeleportDirectionMaterial.uasset" 417
"../../../Engine/Content/VREditor/Teleport/TeleportDirectionMaterial_Inst.uasset" 418
"../../../Engine/Content/VREditor/Teleport/TeleportDirectionMesh.uasset" 419
"../../../Engine/Content/VREditor/TransformGizmo/BoundingBoxCorner.uasset" 420
"../../../Engine/Content/VREditor/TransformGizmo/BoundingBoxEdge.uasset" 421
"../../../Engine/Content/VREditor/TransformGizmo/PlaneTranslationHandle.uasset" 422
"../../../Engine/Content/VREditor/TransformGizmo/RotationHandleFull.uasset" 423
"../../../Engine/Content/VREditor/TransformGizmo/RotationHandleIndicator.uasset" 424
"../../../Engine/Content/VREditor/TransformGizmo/RotationHandleQuarter.uasset" 425
"../../../Engine/Content/VREditor/TransformGizmo/Main.uasset" 426
"../../../Engine/Content/VREditor/TransformGizmo/Xray.uasset" 427
"../../../Engine/Content/VREditor/TransformGizmo/SM_Dialog_Close.uasset" 428
"../../../Engine/Content/VREditor/TransformGizmo/SM_Dialog_Move.uasset" 429
"../../../Engine/Content/VREditor/TransformGizmo/SM_Sequencer_Key.uasset" 430
"../../../Engine/Content/VREditor/TransformGizmo/StartRotationHandleIndicator.uasset" 431
"../../../Engine/Content/VREditor/TransformGizmo/TranslucentTransformGizmoMaterial_Inst.uasset" 432
"../../../Engine/Content/VREditor/TransformGizmo/TransformGizmoFreeRotation.uasset" 433
"../../../Engine/Content/VREditor/TransformGizmo/TransformGizmoMaterial_Inst.uasset" 434
"../../../Engine/Content/VREditor/TransformGizmo/TranslateArrowHandle.uasset" 435
"../../../Engine/Content/VREditor/TransformGizmo/UniformScaleHandle.uasset" 436
"../../../Engine/Content/VREditor/UI/KeyDiskMaterial.uasset" 437
"../../../Engine/Content/VREditor/UI/DiscMaterial.uasset" 438
"../../../Engine/Content/VREditor/UI/SM_Radial_Disk.uasset" 439
"../../../Engine/Content/VREditor/WorldMovementGrid/SimpleGrid.uasset" 440
"../../../Engine/Content/VREditor/WorldMovementGrid/GridMaterial.uasset" 441
"../../../Engine/Content/Functions/Engine_MaterialFunctions01/Density/ExponentialDensity.uasset" 442
"../../../Engine/Content/VREditor/WorldMovementGrid/GridPostProcess.uasset" 443
"../../../Engine/Content/EditorLandscapeResources/FlattenHeightMat.uasset" 444
"../../../Engine/Content/VREditor/WorldMovementGrid/PlaneMesh.uasset" 445
"../../../Engine/Plugins/2D/Paper2D/Content/PlaceholderTextures/DummySpriteTexture.uasset" 446
"../../../Engine/Plugins/2D/Paper2D/Content/DummySprite.uasset" 447
"../../../Engine/Plugins/2D/Paper2D/Content/DefaultPaperTerrainMaterial.uasset" 448
"../../../Engine/Plugins/2D/Paper2D/Content/DefaultSpriteMaterial.uasset" 449
"../../../Engine/Plugins/2D/Paper2D/Content/MaskedUnlitSpriteMaterial.uasset" 450
"../../../Engine/Plugins/2D/Paper2D/Content/OpaqueUnlitSpriteMaterial.uasset" 451
"../../../Engine/Plugins/Runtime/Oculus/OculusVR/Content/Textures/GearVRController_AO.uasset" 452
"../../../Engine/Plugins/Runtime/Oculus/OculusVR/Content/Textures/GearVRController_Color.uasset" 453
"../../../Engine/Plugins/Runtime/Oculus/OculusVR/Content/Textures/GearVRController_Normal.uasset" 454
"../../../Engine/Plugins/Runtime/Oculus/OculusVR/Content/Materials/GearVRControllerMaterial.uasset" 455
"../../../Engine/Plugins/Runtime/Oculus/OculusVR/Content/Meshes/GearVrController.uasset" 456
"../../../Procedural/Content/MyFunnyWorldGenerator.uasset" 457
"../../../Procedural/Content/Default_BuiltData.uasset" 458
"../../../Procedural/Content/VoxelMaterial/MaterialChooser8.uasset" 459
"../../../Procedural/Content/VoxelMaterial/VoxelMaterial_Colors.uasset" 460
"../../../Procedural/Content/Default.umap" 461
"../../../Engine/Content/EngineSky/C_Sky_Cloud_Color.uasset" 462
"../../../Engine/Content/EngineSky/C_Sky_Horizon_Color.uasset" 463
"../../../Engine/Content/EngineSky/C_Sky_Zenith_Color.uasset" 464
"../../../Engine/Content/EngineSky/T_Sky_Blue.uasset" 465
"../../../Engine/Content/EngineSky/T_Sky_Clouds_M.uasset" 466
"../../../Engine/Content/EngineSky/T_Sky_Stars.uasset" 467
"../../../Engine/Content/EngineSky/M_Sky_Panning_Clouds2.uasset" 468
"../../../Engine/Content/EngineSky/SM_SkySphere.uasset" 469
"../../../Engine/Content/EngineSky/BP_Sky_Sphere.uasset" 470
"../../../Procedural/Content/BlueprintWorldGenerator/CustomWorldGenerator.uasset" 471
"../../../Procedural/Content/BlueprintWorldGenerator/BlueprintGeneratorLevel_BuiltData.uasset" 472
"../../../Procedural/Content/BlueprintWorldGenerator/BlueprintGeneratorLevel.umap" 473
"../../../Engine/Content/MapTemplates/SM_Template_Map_Floor.uasset" 474
"../../../Procedural/Content/Foliage/test_map.umap" 475
"../../../Procedural/Content/ImportMeshDemo/ImportMeshDemo_BuiltData.uasset" 476
"../../../Procedural/Content/ImportMeshDemo/TransparentMat.uasset" 477
"../../../Engine/Content/BasicShapes/Cone.uasset" 478
"../../../Engine/Content/BasicShapes/Cube.uasset" 479
"../../../Engine/Content/BasicShapes/Cylinder.uasset" 480
"../../../Procedural/Content/ImportMeshDemo/ImportMeshDemo.umap" 481
"../../../Procedural/Content/Navmesh/FollowerBlackboard.uasset" 482
"../../../Procedural/Content/Navmesh/AgroCheck.uasset" 483
"../../../Procedural/Content/Navmesh/CloseEnough.uasset" 484
"../../../Procedural/Content/Navmesh/RapidMoveTo.uasset" 485
"../../../Procedural/Content/Navmesh/FollowerBT.uasset" 486
"../../../Procedural/Content/Navmesh/Follower_AI_CON.uasset" 487
"../../../Procedural/Content/Navmesh/AI_Character.uasset" 488
"../../../Procedural/Content/Navmesh/NavmeshSphereWorldGenerator.uasset" 489
"../../../Procedural/Content/Navmesh/NavmeshDemo_BuiltData.uasset" 490
"../../../Engine/Content/BasicShapes/BasicShapeMaterial.uasset" 491
"../../../Procedural/Content/Navmesh/NavmeshDemo.umap" 492
"../../../Procedural/Content/PerformanceTest/MyPerformancetTestWorldGenerator.uasset" 493
"../../../Procedural/Content/MyFlatWorldGenerator.uasset" 494
"../../../Engine/Content/Functions/Engine_MaterialFunctions02/Utility/BreakOutFloat4Components.uasset" 495
"../../../Procedural/Content/VoxelMaterial/MaterialChooser4.uasset" 496
"../../../Procedural/Content/VoxelMaterial/TriplanarProjection.uasset" 497
"../../../Procedural/Content/VoxelMaterial/SimpleTriplanarProjection.uasset" 498
"../../../Procedural/Content/VoxelMaterial/SimpleTriplanarProjectionWithOffset.uasset" 499
"../../../Procedural/Content/VoxelMaterial/SimpleTriplanarProjectionWithTop.uasset" 500
"../../../Procedural/Content/StarterContent/Textures/T_Perlin_Noise_M.uasset" 501
"../../../Procedural/Content/StarterContent/Textures/T_Rock_Sandstone_D.uasset" 502
"../../../Procedural/Content/StarterContent/Textures/T_Rock_Sandstone_N.uasset" 503
"../../../Procedural/Content/StarterContent/Textures/T_Water_N.uasset" 504
"../../../Procedural/Content/Textures/Grass/Ground_DirtBrownTan_2k_COLOR.uasset" 505
"../../../Procedural/Content/Textures/Grass/Ground_DirtBrownTan_2k_NRM.uasset" 506
"../../../Procedural/Content/Textures/Grass2/T_Ground_Grass_D.uasset" 507
"../../../Procedural/Content/Textures/Grass2/T_Ground_Grass_N.uasset" 508
"../../../Procedural/Content/VoxelMaterial/VoxelMaterial.uasset" 509
"../../../Procedural/Content/PerformanceTest/PerformanceTestWorld.uasset" 510
"../../../Procedural/Content/PerformanceTest/PerformanceTestLevel_BuiltData.uasset" 511
"../../../Procedural/Content/PerformanceTest/PerformanceTestLevel.umap" 512
"../../../Procedural/Content/Rolling/Materials/PM_Ball.uasset" 513
"../../../Procedural/Content/Rolling/Materials/M_Blue_Checker.uasset" 514
"../../../Procedural/Content/Rolling/Meshes/BallMesh.uasset" 515
"../../../Procedural/Content/RollingBP/Blueprints/PhysicsBallBP.uasset" 516
"../../../Procedural/Content/RollingBP/Blueprints/RollingGameMode.uasset" 517
"../../../Procedural/Content/RollingBP/Maps/RollingBPExampleMap_BuiltData.uasset" 518
"../../../Procedural/Content/Rolling/Materials/BaseMaterial.uasset" 519
"../../../Procedural/Content/Rolling/Materials/GrayMaterial.uasset" 520
"../../../Procedural/Content/Rolling/Materials/GrayMetalMaterial.uasset" 521
"../../../Procedural/Content/Rolling/Materials/OrangeMetalMaterial.uasset" 522
"../../../Procedural/Content/Geometry/Meshes/CubeMaterial.uasset" 523
"../../../Procedural/Content/Geometry/Meshes/1M_Cube.uasset" 524
"../../../Procedural/Content/Geometry/Meshes/1M_Cube_Chamfer.uasset" 525
"../../../Procedural/Content/Geometry/Meshes/TemplateFloor.uasset" 526
"../../../Procedural/Content/RollingBP/Maps/RollingBPExampleMap.umap" 527
"../../../Procedural/Content/SolarSystem/SunLight_Blueprint.uasset" 528
"../../../Procedural/Content/SolarSystem/SolarSphereWorldGenerator.uasset" 529
"../../../Procedural/Content/SolarSystem/SolarSystemPawn.uasset" 530
"../../../Procedural/Content/SolarSystem/VoxelWorld_Orbit.uasset" 531
"../../../Procedural/Content/SolarSystem/SolarSystem_BuiltData.uasset" 532
"../../../Engine/Content/Functions/Engine_MaterialFunctions02/Math/Pi.uasset" 533
"../../../Procedural/Content/SolarSystem/starmap_8k.uasset" 534
"../../../Procedural/Content/SolarSystem/SkyMat.uasset" 535
"../../../Procedural/Content/SolarSystem/SunMat.uasset" 536
"../../../Procedural/Content/StarterContent/Textures/T_ground_Moss_D.uasset" 537
"../../../Procedural/Content/StarterContent/Textures/T_Ground_Moss_N.uasset" 538
"../../../Procedural/Content/StarterContent/Textures/T_Wood_Floor_Walnut_D.uasset" 539
"../../../Procedural/Content/StarterContent/Textures/T_Wood_Floor_Walnut_M.uasset" 540
"../../../Procedural/Content/StarterContent/Textures/T_Wood_Floor_Walnut_N.uasset" 541
"../../../Procedural/Content/VoxelMaterial/VoxelMaterialExample.uasset" 542
"../../../Procedural/Content/SolarSystem/SolarSystem.umap" 543
"../../../Procedural/Content/StarterContent/Blueprints/Assets/FogBrightnessLUT.uasset" 544
"../../../Procedural/Content/StarterContent/Blueprints/Assets/SunlightColorLUT.uasset" 545
"../../../Procedural/Content/StarterContent/Blueprints/Assets/M_LightStage_Arrows.uasset" 546
"../../../Engine/Content/MapTemplates/Sky/DaylightAmbientCubemap.uasset" 547
"../../../Procedural/Content/StarterContent/Blueprints/Assets/M_LightStage_Skybox_Master.uasset" 548
"../../../Procedural/Content/StarterContent/Blueprints/Assets/M_LightStage_Skybox_Black.uasset" 549
"../../../Procedural/Content/StarterContent/Blueprints/Assets/M_LightStage_Skybox_HDRI.uasset" 550
"../../../Engine/Content/EditorMaterials/Thumbnails/SkySphereMaterial.uasset" 551
"../../../Procedural/Content/StarterContent/Blueprints/Assets/Skybox.uasset" 552
"../../../Procedural/Content/StarterContent/Blueprints/Assets/SM_Arrows.uasset" 553
"../../../Procedural/Content/StarterContent/HDRI/HDRI_Epic_Courtyard_Daylight.uasset" 554
"../../../Procedural/Content/StarterContent/Blueprints/BP_LightStudio.uasset" 555
"../../../Procedural/Content/StarterContent/Maps/Advanced_Lighting_BuiltData.uasset" 556
"../../../Procedural/Content/StarterContent/Materials/M_AssetPlatform.uasset" 557
"../../../Engine/Content/EditorMeshes/ColorCalibrator/M_ChromeBall.uasset" 558
"../../../Engine/Content/EditorMeshes/ColorCalibrator/M_ClearCoat.uasset" 559
"../../../Engine/Content/EditorMeshes/ColorCalibrator/M_ClearCoatBlack.uasset" 560
"../../../Engine/Content/EditorMeshes/ColorCalibrator/M_ColorGrid.uasset" 561
"../../../Engine/Content/EditorMeshes/ColorCalibrator/M_GreyBall.uasset" 562
"../../../Engine/Content/EditorMeshes/ColorCalibrator/SM_ColorCalibrator.uasset" 563
"../../../Procedural/Content/StarterContent/Architecture/SM_AssetPlatform.uasset" 564
"../../../Procedural/Content/StarterContent/Maps/Advanced_Lighting.umap" 565
"../../../Procedural/Content/StarterContent/Maps/Minimal_Default_BuiltData.uasset" 566
"../../../Procedural/Content/StarterContent/Materials/M_Metal_Brushed_Nickel.uasset" 567
"../../../Procedural/Content/StarterContent/Textures/T_Metal_Copper_D.uasset" 568
"../../../Procedural/Content/StarterContent/Materials/M_Metal_Copper.uasset" 569
"../../../Procedural/Content/StarterContent/Textures/T_Statue_M.uasset" 570
"../../../Procedural/Content/StarterContent/Textures/T_Statue_N.uasset" 571
"../../../Procedural/Content/StarterContent/Props/Materials/M_StatueGlass.uasset" 572
"../../../Procedural/Content/StarterContent/Architecture/Floor_400x400.uasset" 573
"../../../Procedural/Content/StarterContent/Audio/Starter_Background_Cue.uasset" 574
"../../../Procedural/Content/StarterContent/Props/SM_Chair.uasset" 575
"../../../Procedural/Content/StarterContent/Props/Materials/M_Statue.uasset" 576
"../../../Procedural/Content/StarterContent/Props/SM_Statue.uasset" 577
"../../../Procedural/Content/StarterContent/Textures/T_TableRound_M.uasset" 578
"../../../Procedural/Content/StarterContent/Textures/T_TableRound_N.uasset" 579
"../../../Procedural/Content/StarterContent/Props/Materials/M_TableRound.uasset" 580
"../../../Procedural/Content/StarterContent/Props/SM_TableRound.uasset" 581
"../../../Procedural/Content/StarterContent/Maps/Minimal_Default.umap" 582
"../../../Procedural/Content/StarterContent/Audio/Fire01_Cue.uasset" 583
"../../../Procedural/Content/StarterContent/Textures/T_Fire_SubUV.uasset" 584
"../../../Procedural/Content/StarterContent/Textures/T_Fire_Tiled_D.uasset" 585
"../../../Procedural/Content/StarterContent/Particles/Materials/M_Fire_SubUV.uasset" 586
"../../../Procedural/Content/StarterContent/Particles/Materials/M_Heat_Distortion.uasset" 587
"../../../Procedural/Content/StarterContent/Particles/Materials/M_Radial_Gradient.uasset" 588
"../../../Procedural/Content/StarterContent/Particles/P_Fire.uasset" 589
"../../../Procedural/Content/StarterContent/Blueprints/Blueprint_Effect_Fire.uasset" 590
"../../../Procedural/Content/StarterContent/Audio/Smoke01_Cue.uasset" 591
"../../../Procedural/Content/StarterContent/Particles/P_Smoke.uasset" 592
"../../../Procedural/Content/StarterContent/Blueprints/Blueprint_Effect_Smoke.uasset" 593
"../../../Procedural/Content/StarterContent/Audio/Fire_Sparks01_Cue.uasset" 594
"../../../Procedural/Content/StarterContent/Textures/T_Spark_Core.uasset" 595
"../../../Procedural/Content/StarterContent/Particles/Materials/M_Spark.uasset" 596
"../../../Procedural/Content/StarterContent/Particles/P_Sparks.uasset" 597
"../../../Procedural/Content/StarterContent/Blueprints/Blueprint_Effect_Sparks.uasset" 598
"../../../Procedural/Content/StarterContent/Audio/Steam01_Cue.uasset" 599
"../../../Procedural/Content/StarterContent/Particles/P_Steam_Lit.uasset" 600
"../../../Procedural/Content/StarterContent/Blueprints/Blueprint_Effect_Steam.uasset" 601
"../../../Procedural/Content/StarterContent/Textures/T_Lamp_M.uasset" 602
"../../../Procedural/Content/StarterContent/Textures/T_Lamp_N.uasset" 603
"../../../Procedural/Content/StarterContent/Props/Materials/M_Lamp.uasset" 604
"../../../Procedural/Content/StarterContent/Props/SM_Lamp_Ceiling.uasset" 605
"../../../Procedural/Content/StarterContent/Blueprints/Blueprint_CeilingLight.uasset" 606
"../../../Procedural/Content/StarterContent/Props/SM_Lamp_Wall.uasset" 607
"../../../Procedural/Content/StarterContent/Blueprints/Blueprint_WallSconce.uasset" 608
"../../../Procedural/Content/StarterContent/Maps/StarterMap_BuiltData.uasset" 609
"../../../Procedural/Content/StarterContent/Textures/T_Brick_Clay_Beveled_D.uasset" 610
"../../../Procedural/Content/StarterContent/Textures/T_Brick_Clay_Beveled_M.uasset" 611
"../../../Procedural/Content/StarterContent/Textures/T_Brick_Clay_Beveled_N.uasset" 612
"../../../Procedural/Content/StarterContent/Materials/M_Brick_Clay_Beveled.uasset" 613
"../../../Procedural/Content/StarterContent/Textures/T_Brick_Clay_New_D.uasset" 614
"../../../Procedural/Content/StarterContent/Textures/T_Brick_Clay_New_M.uasset" 615
"../../../Procedural/Content/StarterContent/Textures/T_Brick_Clay_New_N.uasset" 616
"../../../Procedural/Content/StarterContent/Materials/M_Brick_Clay_New.uasset" 617
"../../../Procedural/Content/StarterContent/Textures/T_Brick_Clay_Old_D.uasset" 618
"../../../Procedural/Content/StarterContent/Textures/T_Brick_Clay_Old_N.uasset" 619
"../../../Procedural/Content/StarterContent/Materials/M_Brick_Clay_Old.uasset" 620
"../../../Procedural/Content/StarterContent/Textures/T_Brick_Cut_Stone_D.uasset" 621
"../../../Procedural/Content/StarterContent/Textures/T_Brick_Cut_Stone_N.uasset" 622
"../../../Procedural/Content/StarterContent/Materials/M_Brick_Cut_Stone.uasset" 623
"../../../Procedural/Content/StarterContent/Textures/T_Brick_Hewn_Stone_D.uasset" 624
"../../../Procedural/Content/StarterContent/Textures/T_Brick_Hewn_Stone_M.uasset" 625
"../../../Procedural/Content/StarterContent/Textures/T_Brick_Hewn_Stone_N.uasset" 626
"../../../Procedural/Content/StarterContent/Materials/M_Brick_Hewn_Stone.uasset" 627
"../../../Procedural/Content/StarterContent/Textures/T_Ceramic_Tile_M.uasset" 628
"../../../Procedural/Content/StarterContent/Textures/T_Ceramic_Tile_N.uasset" 629
"../../../Procedural/Content/StarterContent/Textures/T_Rock_Marble_Polished_D.uasset" 630
"../../../Procedural/Content/StarterContent/Materials/M_Ceramic_Tile_Checker.uasset" 631
"../../../Procedural/Content/StarterContent/Textures/T_CobbleStone_Pebble_D.uasset" 632
"../../../Procedural/Content/StarterContent/Textures/T_CobbleStone_Pebble_M.uasset" 633
"../../../Procedural/Content/StarterContent/Textures/T_CobbleStone_Pebble_N.uasset" 634
"../../../Procedural/Content/StarterContent/Materials/M_CobbleStone_Pebble.uasset" 635
"../../../Procedural/Content/StarterContent/Textures/T_CobbleStone_Rough_D.uasset" 636
"../../../Procedural/Content/StarterContent/Textures/T_CobbleStone_Rough_N.uasset" 637
"../../../Procedural/Content/StarterContent/Textures/T_Gradinet_01.uasset" 638
"../../../Procedural/Content/StarterContent/Textures/T_Rock_Smooth_Granite_D.uasset" 639
"../../../Procedural/Content/StarterContent/Materials/M_CobbleStone_Rough.uasset" 640
"../../../Procedural/Content/StarterContent/Textures/T_CobbleStone_Smooth_D.uasset" 641
"../../../Procedural/Content/StarterContent/Textures/T_CobbleStone_Smooth_M.uasset" 642
"../../../Procedural/Content/StarterContent/Textures/T_CobbleStone_Smooth_N.uasset" 643
"../../../Procedural/Content/StarterContent/Materials/M_CobbleStone_Smooth.uasset" 644
"../../../Procedural/Content/StarterContent/Textures/T_Concrete_Grime_D.uasset" 645
"../../../Procedural/Content/StarterContent/Textures/T_Metal_Rust_N.uasset" 646
"../../../Procedural/Content/StarterContent/Materials/M_Concrete_Grime.uasset" 647
"../../../Procedural/Content/StarterContent/Textures/T_Concrete_Panels_D.uasset" 648
"../../../Procedural/Content/StarterContent/Textures/T_Concrete_Panels_N.uasset" 649
"../../../Procedural/Content/StarterContent/Materials/M_Concrete_Panels.uasset" 650
"../../../Procedural/Content/StarterContent/Textures/T_Concrete_Poured_D.uasset" 651
"../../../Procedural/Content/StarterContent/Textures/T_Concrete_Poured_N.uasset" 652
"../../../Procedural/Content/StarterContent/Materials/M_Concrete_Poured.uasset" 653
"../../../Procedural/Content/StarterContent/Textures/T_Concrete_Tiles_D.uasset" 654
"../../../Procedural/Content/StarterContent/Textures/T_Concrete_Tiles_M.uasset" 655
"../../../Procedural/Content/StarterContent/Textures/T_Concrete_Tiles_N.uasset" 656
"../../../Procedural/Content/StarterContent/Textures/T_Concrete_Tiles_Variation_M.uasset" 657
"../../../Procedural/Content/StarterContent/Materials/M_Concrete_Tiles.uasset" 658
"../../../Procedural/Content/StarterContent/Textures/T_Ground_Grass_N.uasset" 659
"../../../Procedural/Content/StarterContent/Materials/M_Ground_Grass.uasset" 660
"../../../Procedural/Content/StarterContent/Textures/T_Ground_Gravel_D.uasset" 661
"../../../Procedural/Content/StarterContent/Textures/T_Ground_Gravel_N.uasset" 662
"../../../Procedural/Content/StarterContent/Materials/M_Ground_Gravel.uasset" 663
"../../../Procedural/Content/StarterContent/Materials/M_Ground_Moss.uasset" 664
"../../../Procedural/Content/StarterContent/Materials/M_Metal_Chrome.uasset" 665
"../../../Procedural/Content/StarterContent/Textures/T_Metal_Gold_D.uasset" 666
"../../../Procedural/Content/StarterContent/Materials/M_Metal_Gold.uasset" 667
"../../../Procedural/Content/StarterContent/Textures/T_Metal_Rust_D.uasset" 668
"../../../Procedural/Content/StarterContent/Materials/M_Metal_Rust.uasset" 669
"../../../Procedural/Content/StarterContent/Textures/T_Metal_Steel_D.uasset" 670
"../../../Procedural/Content/StarterContent/Textures/T_Metal_Steel_N.uasset" 671
"../../../Procedural/Content/StarterContent/Materials/M_Metal_Steel.uasset" 672
"../../../Procedural/Content/StarterContent/Textures/T_Rock_Basalt_N.uasset" 673
"../../../Procedural/Content/StarterContent/Materials/M_Rock_Basalt.uasset" 674
"../../../Procedural/Content/StarterContent/Materials/M_Rock_Marble_Polished.uasset" 675
"../../../Procedural/Content/StarterContent/Materials/M_Rock_Sandstone.uasset" 676
"../../../Procedural/Content/StarterContent/Textures/T_Rock_Slate_D.uasset" 677
"../../../Procedural/Content/StarterContent/Textures/T_Rock_Slate_N.uasset" 678
"../../../Procedural/Content/StarterContent/Materials/M_Rock_Slate.uasset" 679
"../../../Procedural/Content/StarterContent/Textures/T_Checker_Noise_M.uasset" 680
"../../../Procedural/Content/StarterContent/Textures/T_Single_Tile_N.uasset" 681
"../../../Procedural/Content/StarterContent/Textures/T_Tech_Dot_M.uasset" 682
"../../../Procedural/Content/StarterContent/Textures/T_Tech_Dot_N.uasset" 683
"../../../Procedural/Content/StarterContent/Materials/M_Tech_Checker_Dot.uasset" 684
"../../../Procedural/Content/StarterContent/Textures/T_Tech_Hex_Tile_N.uasset" 685
"../../../Procedural/Content/StarterContent/Materials/M_Tech_Hex_Tile.uasset" 686
"../../../Procedural/Content/StarterContent/Materials/M_Tech_Hex_Tile_Pulse.uasset" 687
"../../../Procedural/Content/StarterContent/Textures/T_Tech_Panel_M.uasset" 688
"../../../Procedural/Content/StarterContent/Textures/T_Tech_Panel_N.uasset" 689
"../../../Procedural/Content/StarterContent/Materials/M_Tech_Panel.uasset" 690
"../../../Procedural/Content/StarterContent/Materials/M_Water_Lake.uasset" 691
"../../../Procedural/Content/StarterContent/Textures/T_Water_M.uasset" 692
"../../../Procedural/Content/StarterContent/Materials/M_Water_Ocean.uasset" 693
"../../../Procedural/Content/StarterContent/Materials/M_Wood_Floor_Walnut_Polished.uasset" 694
"../../../Engine/Content/Functions/Engine_MaterialFunctions01/Opacity/AlphaOffset.uasset" 695
"../../../Procedural/Content/StarterContent/Materials/M_Wood_Floor_Walnut_Worn.uasset" 696
"../../../Procedural/Content/StarterContent/Textures/T_Wood_Oak_D.uasset" 697
"../../../Procedural/Content/StarterContent/Textures/T_Wood_Oak_N.uasset" 698
"../../../Procedural/Content/StarterContent/Materials/M_Wood_Oak.uasset" 699
"../../../Procedural/Content/StarterContent/Textures/T_Wood_Pine_D.uasset" 700
"../../../Procedural/Content/StarterContent/Textures/T_Wood_Pine_N.uasset" 701
"../../../Procedural/Content/StarterContent/Materials/M_Wood_Pine.uasset" 702
"../../../Procedural/Content/StarterContent/Textures/T_Wood_Walnut_N.uasset" 703
"../../../Procedural/Content/StarterContent/Materials/M_Wood_Walnut.uasset" 704
"../../../Procedural/Content/StarterContent/Architecture/Wall_400x200.uasset" 705
"../../../Procedural/Content/StarterContent/Architecture/Wall_Door_400x300.uasset" 706
"../../../Procedural/Content/StarterContent/Architecture/Wall_Window_400x300.uasset" 707
"../../../Procedural/Content/StarterContent/Audio/Collapse_Cue.uasset" 708
"../../../Procedural/Content/StarterContent/Audio/Starter_Music_Cue.uasset" 709
"../../../Procedural/Content/StarterContent/Textures/T_Dust_Particle_D.uasset" 710
"../../../Procedural/Content/StarterContent/Particles/Materials/M_Dust_Particle.uasset" 711
"../../../Procedural/Content/StarterContent/Particles/P_Ambient_Dust.uasset" 712
"../../../Procedural/Content/StarterContent/Props/MaterialSphere.uasset" 713
"../../../Procedural/Content/StarterContent/Textures/T_Frame_M.uasset" 714
"../../../Procedural/Content/StarterContent/Textures/T_Frame_N.uasset" 715
"../../../Procedural/Content/StarterContent/Props/Materials/M_Frame.uasset" 716
"../../../Procedural/Content/StarterContent/Props/SM_CornerFrame.uasset" 717
"../../../Procedural/Content/StarterContent/Props/SM_DoorFrame.uasset" 718
"../../../Procedural/Content/StarterContent/Props/SM_GlassWindow.uasset" 719
"../../../Procedural/Content/StarterContent/Props/SM_PillarFrame.uasset" 720
"../../../Procedural/Content/StarterContent/Props/SM_PillarFrame300.uasset" 721
"../../../Procedural/Content/StarterContent/Props/SM_WindowFrame.uasset" 722
"../../../Procedural/Content/StarterContent/Shapes/Shape_Cube.uasset" 723
"../../../Procedural/Content/StarterContent/Shapes/Shape_QuadPyramid.uasset" 724
"../../../Procedural/Content/StarterContent/Shapes/Shape_Sphere.uasset" 725
"../../../Procedural/Content/StarterContent/Maps/StarterMap.umap" 726
"../../../Procedural/Content/ThirdPersonBP/Maps/ThirdPersonExampleMap_BuiltData.uasset" 727
"../../../Procedural/Content/ThirdPerson/Meshes/RampMaterial.uasset" 728
"../../../Procedural/Content/ThirdPerson/Meshes/Bump_StaticMesh.uasset" 729
"../../../Procedural/Content/ThirdPerson/Meshes/LeftArm_StaticMesh.uasset" 730
"../../../Procedural/Content/ThirdPerson/Meshes/Linear_Stair_StaticMesh.uasset" 731
"../../../Procedural/Content/ThirdPerson/Meshes/Ramp_StaticMesh.uasset" 732
"../../../Procedural/Content/ThirdPerson/Meshes/RightArm_StaticMesh.uasset" 733
"../../../Procedural/Content/ThirdPersonBP/Maps/ThirdPersonExampleMap.umap" 734
"../../../Procedural/Content/VehicleAdvBP/Maps/LayerInfo/Desert_LayerInfo.uasset" 735
"../../../Procedural/Content/VehicleAdvBP/Maps/LayerInfo/Track_LayerInfo.uasset" 736
"../../../Procedural/Content/VehicleAdvBP/Maps/VehicleAdvExampleMap_BuiltData.uasset" 737
"../../../Procedural/Content/VehicleAdv/Materials/Landscape.uasset" 738
"../../../Procedural/Content/VehicleAdv/Materials/MaterialInstances/LandscapeNoHole.uasset" 739
"../../../Procedural/Content/VehicleAdv/ArenaMesh/BumpWave.uasset" 740
"../../../Procedural/Content/VehicleAdv/ArenaMesh/BumpWaveSmall.uasset" 741
"../../../Procedural/Content/VehicleAdv/ArenaMesh/BumpWedge.uasset" 742
"../../../Procedural/Content/VehicleAdv/ArenaMesh/LoopBig.uasset" 743
"../../../Procedural/Content/VehicleAdv/ArenaMesh/LoopSmall.uasset" 744
"../../../Procedural/Content/VehicleAdv/ArenaMesh/RampLarge.uasset" 745
"../../../Procedural/Content/VehicleAdv/Materials/MaterialInstances/BlackGrid.uasset" 746
"../../../Procedural/Content/VehicleAdv/ArenaMesh/StraightFull.uasset" 747
"../../../Procedural/Content/VehicleAdv/ArenaMesh/StraightHalf.uasset" 748
"../../../Procedural/Content/VehicleAdv/ArenaMesh/StraightQuarter.uasset" 749
"../../../Procedural/Content/VehicleAdv/Materials/MaterialInstances/SolidRed.uasset" 750
"../../../Procedural/Content/VehicleAdv/ArenaMesh/turn_22andhalf.uasset" 751
"../../../Procedural/Content/VehicleAdv/ArenaMesh/Turn_45.uasset" 752
"../../../Procedural/Content/VehicleAdv/ArenaMesh/Turn_90.uasset" 753
"../../../Procedural/Content/VehicleAdv/ArenaMesh/Turn_90Large.uasset" 754
"../../../Procedural/Content/VehicleAdvBP/Maps/VehicleAdvExampleMap.umap" 755
"../../../Engine/Content/EditorBlueprintResources/ActorMacros.uasset" 756
"../../../Procedural/Content/VoxelWater/VoxelWorldWaterBP.uasset" 757
"../../../Procedural/Content/VoxelWater/WaterSphereWorldGenerator.uasset" 758
"../../../Engine/Content/Functions/Engine_MaterialFunctions03/ComplexMotion/Motion_4WayChaos.uasset" 759
"../../../Engine/Content/Engine_MI_Shaders/T_Base_Tile_Normal.uasset" 760
"../../../Engine/Content/Functions/Engine_MaterialFunctions03/ComplexMotion/Motion_4WayChaos_Normal.uasset" 761
"../../../Procedural/Content/WaterPlane/Lake/Textures/T_MediumWaves_H.uasset" 762
"../../../Procedural/Content/WaterPlane/Lake/Textures/T_MediumWaves_N.uasset" 763
"../../../Procedural/Content/WaterPlane/Lake/Textures/T_SmallWaves_N.uasset" 764
"../../../Procedural/Content/WaterPlane/Lake/Materials/M_LakeWater_01.uasset" 765
"../../../Procedural/Content/WaterPlane/Ocean/Textures/T_LargeWaves_H.uasset" 766
"../../../Procedural/Content/WaterPlane/Lake/Materials/M_LakeWater_01_Inst.uasset" 767
"../../../Procedural/Content/VoxelWater/WaterDemo.umap" 768
"../../../Procedural/Content/WaterPlane/Ocean/Materials/OceanWater_SS.uasset" 769
"../../../Procedural/Content/WaterPlane/Ocean/Textures/T_LargeWaves_N.uasset" 770
"../../../Procedural/Content/WaterPlane/Ocean/Textures/T_Seafoam_01.uasset" 771
"../../../Procedural/Content/WaterPlane/Ocean/Materials/M_OceanWater_1.uasset" 772
"../../../Engine/Content/MapTemplates/Sky/Desert_Outer_HDR.uasset" 773
"../../../Procedural/Content/WaterPlane/Ocean/Materials/M_OceanWater_1_Inst.uasset" 774
"../../../Procedural/Content/WaterPlane/Meshes/SM_OceanWater.uasset" 775
"../../../Procedural/Content/WaterPlane/Lake/Blueprint/BP_LakeWater.uasset" 776
"../../../Procedural/Content/WaterPlane/Maps/LakeWater_Example.umap" 777
"../../../Procedural/Content/WaterPlane/Ocean/Blueprint/BP_OceanWater.uasset" 778
"../../../Procedural/Content/WaterPlane/Maps/OceanWater_Example.umap" 779
"../../../Procedural/Content/WaterPlane/Environment/HDRI/HDRI_Epic_Courtyard_Daylight.uasset" 780
"../../../Procedural/Content/WaterPlane/Translucent/Materials/M_TranslucentWater.uasset" 781
"../../../Procedural/Content/WaterPlane/Translucent/Materials/M_TranslucentWater_Inst.uasset" 782
"../../../Procedural/Content/WaterPlane/Translucent/Blueprint/BP_TranslucentWater.uasset" 783
"../../../Procedural/Content/WaterPlane/Environment/Textures/T_MacroVariation.uasset" 784
"../../../Procedural/Content/WaterPlane/Environment/Textures/T_Perlin_Noise_M.uasset" 785
"../../../Procedural/Content/WaterPlane/Environment/Textures/T_Rock_Basalt_N.uasset" 786
"../../../Procedural/Content/WaterPlane/Environment/Materials/M_Rock_Basalt.uasset" 787
"../../../Procedural/Content/WaterPlane/Maps/TranslucentWater_Example.umap" 788
"../../../Engine/Content/Maps/Entry.umap" 789
